c:\users\pepe\downloads\156190\156190\gpc_201703_parcial_01\x64\debug\gpc_201703_parcial_01.pch
c:\users\pepe\downloads\156190\156190\gpc_201703_parcial_01\x64\debug\vc141.pdb
c:\users\pepe\downloads\156190\156190\gpc_201703_parcial_01\x64\debug\vc141.idb
c:\users\pepe\downloads\156190\156190\gpc_201703_parcial_01\x64\debug\stdafx.obj
c:\users\pepe\downloads\156190\156190\gpc_201703_parcial_01\x64\debug\ciclos.obj
c:\users\pepe\downloads\156190\156190\gpc_201703_parcial_01\x64\debug\gpc_201703_parcial_01.obj
c:\users\pepe\downloads\156190\156190\gpc_201703_parcial_01\x64\debug\reinas.obj
c:\users\pepe\downloads\156190\156190\gpc_201703_parcial_01\x64\debug\planos.obj
c:\users\pepe\desktop\github\examengpc\x64\debug\gpc_201703_parcial_01.pch
c:\users\pepe\desktop\github\examengpc\x64\debug\vc141.pdb
c:\users\pepe\desktop\github\examengpc\x64\debug\vc141.idb
c:\users\pepe\desktop\github\examengpc\x64\debug\stdafx.obj
c:\users\pepe\desktop\github\examengpc\x64\debug\ciclos.obj
c:\users\pepe\desktop\github\examengpc\x64\debug\gpc_201703_parcial_01.obj
c:\users\pepe\desktop\github\examengpc\x64\debug\planos.obj
c:\users\pepe\desktop\github\examengpc\x64\debug\reinas.obj
c:\users\pepe\downloads\156190\156190\gpc_201703_parcial_01\x64\debug\gpc_201703_parcial_01.exe
c:\users\pepe\downloads\156190\156190\gpc_201703_parcial_01\x64\debug\gpc_201703_parcial_01.ilk
c:\users\pepe\downloads\156190\156190\gpc_201703_parcial_01\x64\debug\gpc_201703_parcial_01.pdb
c:\users\pepe\desktop\github\examengpc\x64\debug\gpc_201703_parcial_01.exe
c:\users\pepe\desktop\github\examengpc\x64\debug\gpc_201703_parcial_01.ilk
c:\users\pepe\desktop\github\examengpc\x64\debug\gpc_201703_parcial_01.pdb
c:\users\pepe\desktop\github\examengpc\x64\debug\gpc_2017.d6374890.tlog\cl.command.1.tlog
c:\users\pepe\desktop\github\examengpc\x64\debug\gpc_2017.d6374890.tlog\cl.read.1.tlog
c:\users\pepe\desktop\github\examengpc\x64\debug\gpc_2017.d6374890.tlog\cl.write.1.tlog
c:\users\pepe\desktop\github\examengpc\x64\debug\gpc_2017.d6374890.tlog\link.command.1.tlog
c:\users\pepe\desktop\github\examengpc\x64\debug\gpc_2017.d6374890.tlog\link.read.1.tlog
c:\users\pepe\desktop\github\examengpc\x64\debug\gpc_2017.d6374890.tlog\link.write.1.tlog
